<?xml version="1.0" encoding="UTF-8"?>
<coverage generated="1782154070659" clover="3.2.0">
  <project timestamp="1782154070659" name="All files">
    <metrics statements="110" coveredstatements="110" conditionals="47" coveredconditionals="47" methods="15" coveredmethods="15" elements="172" coveredelements="172" complexity="0" loc="110" ncloc="110" packages="1" files="1" classes="1"/>
    <file name="ip-utils.ts" path="/app/lib/ip-utils.ts">
      <metrics statements="110" coveredstatements="110" conditionals="47" coveredconditionals="47" methods="15" coveredmethods="15"/>
      <line num="48" count="1" type="stmt"/>
      <line num="49" count="24" type="stmt"/>
      <line num="50" count="24" type="stmt"/>
      <line num="56" count="1" type="stmt"/>
      <line num="57" count="11" type="stmt"/>
      <line num="58" count="11" type="stmt"/>
      <line num="64" count="1" type="stmt"/>
      <line num="65" count="2" type="cond" truecount="1" falsecount="0"/>
      <line num="66" count="1" type="stmt"/>
      <line num="68" count="1" type="stmt"/>
      <line num="69" count="1" type="stmt"/>
      <line num="70" count="1" type="stmt"/>
      <line num="71" count="4" type="stmt"/>
      <line num="72" count="4" type="stmt"/>
      <line num="73" count="32" type="stmt"/>
      <line num="76" count="1" type="stmt"/>
      <line num="82" count="1" type="stmt"/>
      <line num="83" count="3" type="cond" truecount="1" falsecount="0"/>
      <line num="84" count="1" type="stmt"/>
      <line num="85" count="1" type="stmt"/>
      <line num="86" count="4" type="stmt"/>
      <line num="87" count="4" type="stmt"/>
      <line num="88" count="4" type="stmt"/>
      <line num="89" count="4" type="stmt"/>
      <line num="91" count="1" type="stmt"/>
      <line num="98" count="1" type="stmt"/>
      <line num="99" count="9" type="cond" truecount="1" falsecount="0"/>
      <line num="100" count="1" type="stmt"/>
      <line num="112" count="8" type="stmt"/>
      <line num="115" count="8" type="stmt"/>
      <line num="116" count="8" type="stmt"/>
      <line num="117" count="8" type="stmt"/>
      <line num="118" count="32" type="cond" truecount="2" falsecount="0"/>
      <line num="119" count="16" type="stmt"/>
      <line num="120" count="16" type="stmt"/>
      <line num="121" count="16" type="cond" truecount="2" falsecount="0"/>
      <line num="122" count="4" type="stmt"/>
      <line num="123" count="4" type="stmt"/>
      <line num="125" count="12" type="stmt"/>
      <line num="128" count="8" type="stmt"/>
      <line num="131" count="32" type="stmt"/>
      <line num="132" count="8" type="stmt"/>
      <line num="135" count="32" type="stmt"/>
      <line num="136" count="8" type="stmt"/>
      <line num="139" count="32" type="stmt"/>
      <line num="140" count="8" type="stmt"/>
      <line num="143" count="8" type="stmt"/>
      <line num="144" count="8" type="cond" truecount="2" falsecount="0"/>
      <line num="145" count="6" type="stmt"/>
      <line num="146" count="2" type="cond" truecount="2" falsecount="0"/>
      <line num="147" count="1" type="stmt"/>
      <line num="149" count="1" type="stmt"/>
      <line num="151" count="8" type="stmt"/>
      <line num="154" count="8" type="stmt"/>
      <line num="155" count="8" type="cond" truecount="2" falsecount="0"/>
      <line num="156" count="6" type="stmt"/>
      <line num="157" count="6" type="stmt"/>
      <line num="159" count="6" type="stmt"/>
      <line num="160" count="6" type="stmt"/>
      <line num="162" count="6" type="stmt"/>
      <line num="163" count="2" type="cond" truecount="2" falsecount="0"/>
      <line num="164" count="1" type="stmt"/>
      <line num="166" count="1" type="stmt"/>
      <line num="170" count="8" type="stmt"/>
      <line num="171" count="8" type="stmt"/>
      <line num="172" count="8" type="stmt"/>
      <line num="174" count="8" type="cond" truecount="4" falsecount="0"/>
      <line num="175" count="1" type="stmt"/>
      <line num="176" count="7" type="cond" truecount="4" falsecount="0"/>
      <line num="177" count="1" type="stmt"/>
      <line num="178" count="6" type="cond" truecount="4" falsecount="0"/>
      <line num="179" count="3" type="stmt"/>
      <line num="180" count="3" type="cond" truecount="4" falsecount="0"/>
      <line num="181" count="1" type="stmt"/>
      <line num="182" count="2" type="cond" truecount="3" falsecount="0"/>
      <line num="183" count="1" type="stmt"/>
      <line num="186" count="8" type="cond" truecount="1" falsecount="0"/>
      <line num="187" count="1" type="stmt"/>
      <line num="188" count="1" type="stmt"/>
      <line num="192" count="8" type="cond" truecount="1" falsecount="0"/>
      <line num="197" count="5" type="stmt"/>
      <line num="200" count="8" type="stmt"/>
      <line num="215" count="1" type="stmt"/>
      <line num="216" count="2" type="cond" truecount="1" falsecount="0"/>
      <line num="217" count="1" type="stmt"/>
      <line num="218" count="1" type="stmt"/>
      <line num="220" count="1" type="stmt"/>
      <line num="221" count="4" type="stmt"/>
      <line num="222" count="4" type="stmt"/>
      <line num="224" count="4" type="stmt"/>
      <line num="225" count="32" type="stmt"/>
      <line num="226" count="32" type="stmt"/>
      <line num="227" count="32" type="cond" truecount="2" falsecount="0"/>
      <line num="228" count="7" type="stmt"/>
      <line num="229" count="7" type="stmt"/>
      <line num="236" count="25" type="stmt"/>
      <line num="245" count="4" type="stmt"/>
      <line num="256" count="1" type="stmt"/>
      <line num="257" count="101" type="stmt"/>
      <line num="258" count="101" type="stmt"/>
      <line num="259" count="101" type="stmt"/>
      <line num="260" count="101" type="stmt"/>
      <line num="261" count="101" type="stmt"/>
      <line num="267" count="1" type="stmt"/>
      <line num="268" count="101" type="stmt"/>
      <line num="269" count="101" type="stmt"/>
      <line num="270" count="808" type="stmt"/>
      <line num="272" count="101" type="stmt"/>
      <line num="278" count="1" type="stmt"/>
      <line num="279" count="4" type="cond" truecount="2" falsecount="0"/>
    </file>
  </project>
</coverage>
