{"/app/lib/ip-utils.ts": {"path":"/app/lib/ip-utils.ts","statementMap":{"0":{"start":{"line":48,"column":0},"end":{"line":48,"column":16}},"1":{"start":{"line":56,"column":0},"end":{"line":56,"column":16}},"2":{"start":{"line":64,"column":0},"end":{"line":64,"column":16}},"3":{"start":{"line":82,"column":0},"end":{"line":82,"column":16}},"4":{"start":{"line":98,"column":0},"end":{"line":98,"column":16}},"5":{"start":{"line":215,"column":0},"end":{"line":215,"column":16}},"6":{"start":{"line":256,"column":0},"end":{"line":256,"column":16}},"7":{"start":{"line":267,"column":0},"end":{"line":267,"column":16}},"8":{"start":{"line":278,"column":0},"end":{"line":278,"column":16}},"9":{"start":{"line":49,"column":18},"end":{"line":49,"column":105}},"10":{"start":{"line":50,"column":2},"end":{"line":50,"column":33}},"11":{"start":{"line":57,"column":18},"end":{"line":57,"column":741}},"12":{"start":{"line":58,"column":2},"end":{"line":58,"column":33}},"13":{"start":{"line":65,"column":2},"end":{"line":67,"column":3}},"14":{"start":{"line":66,"column":4},"end":{"line":66,"column":33}},"15":{"start":{"line":68,"column":17},"end":{"line":68,"column":42}},"16":{"start":{"line":69,"column":25},"end":{"line":69,"column":27}},"17":{"start":{"line":70,"column":2},"end":{"line":75,"column":5}},"18":{"start":{"line":71,"column":19},"end":{"line":71,"column":51}},"19":{"start":{"line":72,"column":4},"end":{"line":74,"column":5}},"20":{"start":{"line":72,"column":17},"end":{"line":72,"column":18}},"21":{"start":{"line":73,"column":6},"end":{"line":73,"column":41}},"22":{"start":{"line":76,"column":2},"end":{"line":76,"column":14}},"23":{"start":{"line":83,"column":2},"end":{"line":83,"column":43}},"24":{"start":{"line":83,"column":26},"end":{"line":83,"column":43}},"25":{"start":{"line":84,"column":27},"end":{"line":84,"column":29}},"26":{"start":{"line":85,"column":2},"end":{"line":90,"column":3}},"27":{"start":{"line":85,"column":15},"end":{"line":85,"column":16}},"28":{"start":{"line":86,"column":18},"end":{"line":86,"column":23}},"29":{"start":{"line":87,"column":16},"end":{"line":87,"column":25}},"30":{"start":{"line":88,"column":19},"end":{"line":88,"column":50}},"31":{"start":{"line":89,"column":4},"end":{"line":89,"column":37}},"32":{"start":{"line":91,"column":2},"end":{"line":91,"column":26}},"33":{"start":{"line":99,"column":2},"end":{"line":110,"column":3}},"34":{"start":{"line":100,"column":4},"end":{"line":109,"column":6}},"35":{"start":{"line":112,"column":17},"end":{"line":112,"column":42}},"36":{"start":{"line":115,"column":21},"end":{"line":115,"column":33}},"37":{"start":{"line":116,"column":17},"end":{"line":116,"column":21}},"38":{"start":{"line":117,"column":2},"end":{"line":127,"column":3}},"39":{"start":{"line":117,"column":15},"end":{"line":117,"column":16}},"40":{"start":{"line":118,"column":4},"end":{"line":126,"column":5}},"41":{"start":{"line":119,"column":6},"end":{"line":119,"column":26}},"42":{"start":{"line":120,"column":6},"end":{"line":120,"column":20}},"43":{"start":{"line":121,"column":11},"end":{"line":126,"column":5}},"44":{"start":{"line":122,"column":6},"end":{"line":122,"column":54}},"45":{"start":{"line":123,"column":6},"end":{"line":123,"column":19}},"46":{"start":{"line":125,"column":6},"end":{"line":125,"column":24}},"47":{"start":{"line":128,"column":21},"end":{"line":128,"column":41}},"48":{"start":{"line":131,"column":25},"end":{"line":131,"column":55}},"49":{"start":{"line":131,"column":47},"end":{"line":131,"column":54}},"50":{"start":{"line":132,"column":19},"end":{"line":132,"column":43}},"51":{"start":{"line":135,"column":20},"end":{"line":135,"column":63}},"52":{"start":{"line":135,"column":43},"end":{"line":135,"column":62}},"53":{"start":{"line":136,"column":20},"end":{"line":136,"column":39}},"54":{"start":{"line":139,"column":26},"end":{"line":139,"column":73}},"55":{"start":{"line":139,"column":49},"end":{"line":139,"column":72}},"56":{"start":{"line":140,"column":20},"end":{"line":140,"column":45}},"57":{"start":{"line":143,"column":22},"end":{"line":143,"column":23}},"58":{"start":{"line":144,"column":2},"end":{"line":150,"column":3}},"59":{"start":{"line":145,"column":4},"end":{"line":145,"column":47}},"60":{"start":{"line":146,"column":9},"end":{"line":150,"column":3}},"61":{"start":{"line":147,"column":4},"end":{"line":147,"column":22}},"62":{"start":{"line":149,"column":4},"end":{"line":149,"column":22}},"63":{"start":{"line":151,"column":21},"end":{"line":151,"column":58}},"64":{"start":{"line":154,"column":18},"end":{"line":154,"column":20}},"65":{"start":{"line":155,"column":2},"end":{"line":167,"column":3}},"66":{"start":{"line":156,"column":22},"end":{"line":156,"column":36}},"67":{"start":{"line":157,"column":4},"end":{"line":157,"column":22}},"68":{"start":{"line":159,"column":21},"end":{"line":159,"column":41}},"69":{"start":{"line":160,"column":4},"end":{"line":160,"column":21}},"70":{"start":{"line":162,"column":4},"end":{"line":162,"column":66}},"71":{"start":{"line":163,"column":9},"end":{"line":167,"column":3}},"72":{"start":{"line":164,"column":4},"end":{"line":164,"column":47}},"73":{"start":{"line":166,"column":4},"end":{"line":166,"column":19}},"74":{"start":{"line":170,"column":21},"end":{"line":170,"column":30}},"75":{"start":{"line":171,"column":16},"end":{"line":171,"column":26}},"76":{"start":{"line":172,"column":15},"end":{"line":172,"column":39}},"77":{"start":{"line":174,"column":2},"end":{"line":184,"column":3}},"78":{"start":{"line":175,"column":4},"end":{"line":175,"column":18}},"79":{"start":{"line":176,"column":9},"end":{"line":184,"column":3}},"80":{"start":{"line":177,"column":4},"end":{"line":177,"column":18}},"81":{"start":{"line":178,"column":9},"end":{"line":184,"column":3}},"82":{"start":{"line":179,"column":4},"end":{"line":179,"column":18}},"83":{"start":{"line":180,"column":9},"end":{"line":184,"column":3}},"84":{"start":{"line":181,"column":4},"end":{"line":181,"column":44}},"85":{"start":{"line":182,"column":9},"end":{"line":184,"column":3}},"86":{"start":{"line":183,"column":4},"end":{"line":183,"column":31}},"87":{"start":{"line":186,"column":2},"end":{"line":189,"column":3}},"88":{"start":{"line":187,"column":4},"end":{"line":187,"column":27}},"89":{"start":{"line":188,"column":4},"end":{"line":188,"column":44}},"90":{"start":{"line":192,"column":2},"end":{"line":198,"column":3}},"91":{"start":{"line":197,"column":4},"end":{"line":197,"column":45}},"92":{"start":{"line":200,"column":2},"end":{"line":209,"column":4}},"93":{"start":{"line":216,"column":2},"end":{"line":216,"column":35}},"94":{"start":{"line":216,"column":25},"end":{"line":216,"column":35}},"95":{"start":{"line":217,"column":17},"end":{"line":217,"column":42}},"96":{"start":{"line":218,"column":17},"end":{"line":218,"column":46}},"97":{"start":{"line":220,"column":2},"end":{"line":250,"column":5}},"98":{"start":{"line":221,"column":20},"end":{"line":221,"column":30}},"99":{"start":{"line":222,"column":38},"end":{"line":222,"column":40}},"100":{"start":{"line":224,"column":4},"end":{"line":243,"column":7}},"101":{"start":{"line":225,"column":23},"end":{"line":225,"column":37}},"102":{"start":{"line":226,"column":28},"end":{"line":226,"column":37}},"103":{"start":{"line":227,"column":6},"end":{"line":242,"column":7}},"104":{"start":{"line":228,"column":8},"end":{"line":228,"column":23}},"105":{"start":{"line":229,"column":8},"end":{"line":234,"column":11}},"106":{"start":{"line":236,"column":8},"end":{"line":241,"column":11}},"107":{"start":{"line":245,"column":4},"end":{"line":249,"column":6}},"108":{"start":{"line":257,"column":13},"end":{"line":257,"column":48}},"109":{"start":{"line":258,"column":13},"end":{"line":258,"column":44}},"110":{"start":{"line":259,"column":13},"end":{"line":259,"column":44}},"111":{"start":{"line":260,"column":13},"end":{"line":260,"column":44}},"112":{"start":{"line":261,"column":2},"end":{"line":261,"column":35}},"113":{"start":{"line":268,"column":27},"end":{"line":268,"column":29}},"114":{"start":{"line":269,"column":2},"end":{"line":271,"column":3}},"115":{"start":{"line":269,"column":15},"end":{"line":269,"column":16}},"116":{"start":{"line":270,"column":4},"end":{"line":270,"column":64}},"117":{"start":{"line":272,"column":2},"end":{"line":272,"column":26}},"118":{"start":{"line":279,"column":2},"end":{"line":279,"column":52}}},"fnMap":{"0":{"name":"validateIPv4","decl":{"start":{"line":48,"column":16},"end":{"line":48,"column":28}},"loc":{"start":{"line":48,"column":39},"end":{"line":51,"column":1}}},"1":{"name":"validateIPv6","decl":{"start":{"line":56,"column":16},"end":{"line":56,"column":28}},"loc":{"start":{"line":56,"column":39},"end":{"line":59,"column":1}}},"2":{"name":"ipToBits","decl":{"start":{"line":64,"column":16},"end":{"line":64,"column":24}},"loc":{"start":{"line":64,"column":35},"end":{"line":77,"column":1}}},"3":{"name":"(anonymous_3)","decl":{"start":{"line":70,"column":17},"end":{"line":70,"column":18}},"loc":{"start":{"line":70,"column":25},"end":{"line":75,"column":3}}},"4":{"name":"bitsToIP","decl":{"start":{"line":82,"column":16},"end":{"line":82,"column":24}},"loc":{"start":{"line":82,"column":39},"end":{"line":92,"column":1}}},"5":{"name":"calculateSubnetDetails","decl":{"start":{"line":98,"column":16},"end":{"line":98,"column":38}},"loc":{"start":{"line":98,"column":63},"end":{"line":210,"column":1}}},"6":{"name":"(anonymous_6)","decl":{"start":{"line":131,"column":40},"end":{"line":131,"column":41}},"loc":{"start":{"line":131,"column":47},"end":{"line":131,"column":54}}},"7":{"name":"(anonymous_7)","decl":{"start":{"line":135,"column":31},"end":{"line":135,"column":32}},"loc":{"start":{"line":135,"column":43},"end":{"line":135,"column":62}}},"8":{"name":"(anonymous_8)","decl":{"start":{"line":139,"column":37},"end":{"line":139,"column":38}},"loc":{"start":{"line":139,"column":49},"end":{"line":139,"column":72}}},"9":{"name":"calculateMathStepsForIP","decl":{"start":{"line":215,"column":16},"end":{"line":215,"column":39}},"loc":{"start":{"line":215,"column":50},"end":{"line":251,"column":1}}},"10":{"name":"(anonymous_10)","decl":{"start":{"line":220,"column":20},"end":{"line":220,"column":21}},"loc":{"start":{"line":220,"column":47},"end":{"line":250,"column":3}}},"11":{"name":"(anonymous_11)","decl":{"start":{"line":224,"column":19},"end":{"line":224,"column":20}},"loc":{"start":{"line":224,"column":25},"end":{"line":243,"column":5}}},"12":{"name":"generateRandomIPv4","decl":{"start":{"line":256,"column":16},"end":{"line":256,"column":34}},"loc":{"start":{"line":256,"column":34},"end":{"line":262,"column":1}}},"13":{"name":"generateRandomIPv6","decl":{"start":{"line":267,"column":16},"end":{"line":267,"column":34}},"loc":{"start":{"line":267,"column":34},"end":{"line":273,"column":1}}},"14":{"name":"cidrToMaskNum","decl":{"start":{"line":278,"column":16},"end":{"line":278,"column":29}},"loc":{"start":{"line":278,"column":42},"end":{"line":280,"column":1}}}},"branchMap":{"0":{"loc":{"start":{"line":65,"column":2},"end":{"line":67,"column":3}},"type":"if","locations":[{"start":{"line":65,"column":2},"end":{"line":67,"column":3}}]},"1":{"loc":{"start":{"line":83,"column":2},"end":{"line":83,"column":43}},"type":"if","locations":[{"start":{"line":83,"column":2},"end":{"line":83,"column":43}}]},"2":{"loc":{"start":{"line":99,"column":2},"end":{"line":110,"column":3}},"type":"if","locations":[{"start":{"line":99,"column":2},"end":{"line":110,"column":3}}]},"3":{"loc":{"start":{"line":118,"column":4},"end":{"line":126,"column":5}},"type":"if","locations":[{"start":{"line":118,"column":4},"end":{"line":126,"column":5}},{"start":{"line":121,"column":11},"end":{"line":126,"column":5}}]},"4":{"loc":{"start":{"line":121,"column":11},"end":{"line":126,"column":5}},"type":"if","locations":[{"start":{"line":121,"column":11},"end":{"line":126,"column":5}},{"start":{"line":124,"column":11},"end":{"line":126,"column":5}}]},"5":{"loc":{"start":{"line":144,"column":2},"end":{"line":150,"column":3}},"type":"if","locations":[{"start":{"line":144,"column":2},"end":{"line":150,"column":3}},{"start":{"line":146,"column":9},"end":{"line":150,"column":3}}]},"6":{"loc":{"start":{"line":146,"column":9},"end":{"line":150,"column":3}},"type":"if","locations":[{"start":{"line":146,"column":9},"end":{"line":150,"column":3}},{"start":{"line":148,"column":9},"end":{"line":150,"column":3}}]},"7":{"loc":{"start":{"line":155,"column":2},"end":{"line":167,"column":3}},"type":"if","locations":[{"start":{"line":155,"column":2},"end":{"line":167,"column":3}},{"start":{"line":163,"column":9},"end":{"line":167,"column":3}}]},"8":{"loc":{"start":{"line":163,"column":9},"end":{"line":167,"column":3}},"type":"if","locations":[{"start":{"line":163,"column":9},"end":{"line":167,"column":3}},{"start":{"line":165,"column":9},"end":{"line":167,"column":3}}]},"9":{"loc":{"start":{"line":174,"column":2},"end":{"line":184,"column":3}},"type":"if","locations":[{"start":{"line":174,"column":2},"end":{"line":184,"column":3}},{"start":{"line":176,"column":9},"end":{"line":184,"column":3}}]},"10":{"loc":{"start":{"line":174,"column":6},"end":{"line":174,"column":42}},"type":"binary-expr","locations":[{"start":{"line":174,"column":6},"end":{"line":174,"column":21}},{"start":{"line":174,"column":25},"end":{"line":174,"column":42}}]},"11":{"loc":{"start":{"line":176,"column":9},"end":{"line":184,"column":3}},"type":"if","locations":[{"start":{"line":176,"column":9},"end":{"line":184,"column":3}},{"start":{"line":178,"column":9},"end":{"line":184,"column":3}}]},"12":{"loc":{"start":{"line":176,"column":13},"end":{"line":176,"column":51}},"type":"binary-expr","locations":[{"start":{"line":176,"column":13},"end":{"line":176,"column":30}},{"start":{"line":176,"column":34},"end":{"line":176,"column":51}}]},"13":{"loc":{"start":{"line":178,"column":9},"end":{"line":184,"column":3}},"type":"if","locations":[{"start":{"line":178,"column":9},"end":{"line":184,"column":3}},{"start":{"line":180,"column":9},"end":{"line":184,"column":3}}]},"14":{"loc":{"start":{"line":178,"column":13},"end":{"line":178,"column":51}},"type":"binary-expr","locations":[{"start":{"line":178,"column":13},"end":{"line":178,"column":30}},{"start":{"line":178,"column":34},"end":{"line":178,"column":51}}]},"15":{"loc":{"start":{"line":180,"column":9},"end":{"line":184,"column":3}},"type":"if","locations":[{"start":{"line":180,"column":9},"end":{"line":184,"column":3}},{"start":{"line":182,"column":9},"end":{"line":184,"column":3}}]},"16":{"loc":{"start":{"line":180,"column":13},"end":{"line":180,"column":51}},"type":"binary-expr","locations":[{"start":{"line":180,"column":13},"end":{"line":180,"column":30}},{"start":{"line":180,"column":34},"end":{"line":180,"column":51}}]},"17":{"loc":{"start":{"line":182,"column":9},"end":{"line":184,"column":3}},"type":"if","locations":[{"start":{"line":182,"column":9},"end":{"line":184,"column":3}}]},"18":{"loc":{"start":{"line":182,"column":13},"end":{"line":182,"column":51}},"type":"binary-expr","locations":[{"start":{"line":182,"column":13},"end":{"line":182,"column":30}},{"start":{"line":182,"column":34},"end":{"line":182,"column":51}}]},"19":{"loc":{"start":{"line":186,"column":2},"end":{"line":189,"column":3}},"type":"if","locations":[{"start":{"line":186,"column":2},"end":{"line":189,"column":3}}]},"20":{"loc":{"start":{"line":192,"column":2},"end":{"line":198,"column":3}},"type":"if","locations":[{"start":{"line":192,"column":2},"end":{"line":198,"column":3}}]},"21":{"loc":{"start":{"line":193,"column":4},"end":{"line":195,"column":45}},"type":"binary-expr","locations":[{"start":{"line":193,"column":4},"end":{"line":193,"column":21}},{"start":{"line":194,"column":5},"end":{"line":194,"column":23}},{"start":{"line":194,"column":27},"end":{"line":194,"column":42}},{"start":{"line":194,"column":46},"end":{"line":194,"column":61}},{"start":{"line":195,"column":5},"end":{"line":195,"column":23}},{"start":{"line":195,"column":27},"end":{"line":195,"column":44}}]},"22":{"loc":{"start":{"line":216,"column":2},"end":{"line":216,"column":35}},"type":"if","locations":[{"start":{"line":216,"column":2},"end":{"line":216,"column":35}}]},"23":{"loc":{"start":{"line":227,"column":6},"end":{"line":242,"column":7}},"type":"if","locations":[{"start":{"line":227,"column":6},"end":{"line":242,"column":7}},{"start":{"line":235,"column":13},"end":{"line":242,"column":7}}]},"24":{"loc":{"start":{"line":279,"column":9},"end":{"line":279,"column":51}},"type":"cond-expr","locations":[{"start":{"line":279,"column":22},"end":{"line":279,"column":23}},{"start":{"line":279,"column":26},"end":{"line":279,"column":51}}]}},"s":{"0":1,"1":1,"2":1,"3":1,"4":1,"5":1,"6":1,"7":1,"8":1,"9":24,"10":24,"11":11,"12":11,"13":2,"14":1,"15":1,"16":1,"17":1,"18":4,"19":4,"20":4,"21":32,"22":1,"23":3,"24":2,"25":1,"26":1,"27":1,"28":4,"29":4,"30":4,"31":4,"32":1,"33":9,"34":1,"35":8,"36":8,"37":8,"38":8,"39":8,"40":32,"41":16,"42":16,"43":16,"44":4,"45":4,"46":12,"47":8,"48":8,"49":32,"50":8,"51":8,"52":32,"53":8,"54":8,"55":32,"56":8,"57":8,"58":8,"59":6,"60":2,"61":1,"62":1,"63":8,"64":8,"65":8,"66":6,"67":6,"68":6,"69":6,"70":6,"71":2,"72":1,"73":1,"74":8,"75":8,"76":8,"77":8,"78":1,"79":7,"80":1,"81":6,"82":3,"83":3,"84":1,"85":2,"86":1,"87":8,"88":1,"89":1,"90":8,"91":5,"92":8,"93":2,"94":1,"95":1,"96":1,"97":1,"98":4,"99":4,"100":4,"101":32,"102":32,"103":32,"104":7,"105":7,"106":25,"107":4,"108":101,"109":101,"110":101,"111":101,"112":101,"113":101,"114":101,"115":101,"116":808,"117":101,"118":4},"f":{"0":24,"1":11,"2":2,"3":4,"4":3,"5":9,"6":32,"7":32,"8":32,"9":2,"10":4,"11":32,"12":101,"13":101,"14":4},"b":{"0":[1],"1":[2],"2":[1],"3":[16,16],"4":[4,12],"5":[6,2],"6":[1,1],"7":[6,2],"8":[1,1],"9":[1,7],"10":[8,8],"11":[1,6],"12":[7,6],"13":[3,3],"14":[6,5],"15":[1,2],"16":[3,2],"17":[1],"18":[2,1],"19":[1],"20":[5],"21":[8,7,1,1,6,3],"22":[1],"23":[7,25],"24":[1,3]}}
}
