TN:
SF:lib/ip-utils.ts
FN:48,validateIPv4
FN:56,validateIPv6
FN:64,ipToBits
FN:70,(anonymous_3)
FN:82,bitsToIP
FN:98,calculateSubnetDetails
FN:131,(anonymous_6)
FN:135,(anonymous_7)
FN:139,(anonymous_8)
FN:215,calculateMathStepsForIP
FN:220,(anonymous_10)
FN:224,(anonymous_11)
FN:256,generateRandomIPv4
FN:267,generateRandomIPv6
FN:278,cidrToMaskNum
FNF:15
FNH:15
FNDA:23,validateIPv4
FNDA:8,validateIPv6
FNDA:2,ipToBits
FNDA:4,(anonymous_3)
FNDA:3,bitsToIP
FNDA:9,calculateSubnetDetails
FNDA:32,(anonymous_6)
FNDA:32,(anonymous_7)
FNDA:32,(anonymous_8)
FNDA:2,calculateMathStepsForIP
FNDA:4,(anonymous_10)
FNDA:32,(anonymous_11)
FNDA:1,generateRandomIPv4
FNDA:1,generateRandomIPv6
FNDA:4,cidrToMaskNum
DA:48,1
DA:49,23
DA:50,23
DA:56,1
DA:57,8
DA:58,8
DA:64,1
DA:65,2
DA:66,1
DA:68,1
DA:69,1
DA:70,1
DA:71,4
DA:72,4
DA:73,32
DA:76,1
DA:82,1
DA:83,3
DA:84,1
DA:85,1
DA:86,4
DA:87,4
DA:88,4
DA:89,4
DA:91,1
DA:98,1
DA:99,9
DA:100,1
DA:112,8
DA:115,8
DA:116,8
DA:117,8
DA:118,32
DA:119,16
DA:120,16
DA:121,16
DA:122,4
DA:123,4
DA:125,12
DA:128,8
DA:131,32
DA:132,8
DA:135,32
DA:136,8
DA:139,32
DA:140,8
DA:143,8
DA:144,8
DA:145,6
DA:146,2
DA:147,1
DA:149,1
DA:151,8
DA:154,8
DA:155,8
DA:156,6
DA:157,6
DA:159,6
DA:160,6
DA:162,6
DA:163,2
DA:164,1
DA:166,1
DA:170,8
DA:171,8
DA:172,8
DA:174,8
DA:175,1
DA:176,7
DA:177,1
DA:178,6
DA:179,3
DA:180,3
DA:181,1
DA:182,2
DA:183,1
DA:186,8
DA:187,1
DA:188,1
DA:192,8
DA:197,5
DA:200,8
DA:215,1
DA:216,2
DA:217,1
DA:218,1
DA:220,1
DA:221,4
DA:222,4
DA:224,4
DA:225,32
DA:226,32
DA:227,32
DA:228,7
DA:229,7
DA:236,25
DA:245,4
DA:256,1
DA:257,1
DA:258,1
DA:259,1
DA:260,1
DA:261,1
DA:267,1
DA:268,1
DA:269,1
DA:270,8
DA:272,1
DA:278,1
DA:279,4
LF:110
LH:110
BRDA:65,0,0,1
BRDA:65,0,1,1
BRDA:83,1,0,2
BRDA:83,1,1,1
BRDA:99,2,0,1
BRDA:99,2,1,8
BRDA:118,3,0,16
BRDA:118,3,1,16
BRDA:121,4,0,4
BRDA:121,4,1,12
BRDA:144,5,0,6
BRDA:144,5,1,2
BRDA:146,6,0,1
BRDA:146,6,1,1
BRDA:155,7,0,6
BRDA:155,7,1,2
BRDA:163,8,0,1
BRDA:163,8,1,1
BRDA:174,9,0,1
BRDA:174,9,1,7
BRDA:174,10,0,8
BRDA:174,10,1,8
BRDA:176,11,0,1
BRDA:176,11,1,6
BRDA:176,12,0,7
BRDA:176,12,1,6
BRDA:178,13,0,3
BRDA:178,13,1,3
BRDA:178,14,0,6
BRDA:178,14,1,5
BRDA:180,15,0,1
BRDA:180,15,1,2
BRDA:180,16,0,3
BRDA:180,16,1,2
BRDA:182,17,0,1
BRDA:182,17,1,1
BRDA:182,18,0,2
BRDA:182,18,1,1
BRDA:186,19,0,1
BRDA:186,19,1,7
BRDA:192,20,0,5
BRDA:192,20,1,3
BRDA:193,21,0,8
BRDA:193,21,1,7
BRDA:193,21,2,1
BRDA:193,21,3,1
BRDA:193,21,4,6
BRDA:193,21,5,3
BRDA:216,22,0,1
BRDA:216,22,1,1
BRDA:227,23,0,7
BRDA:227,23,1,25
BRDA:279,24,0,1
BRDA:279,24,1,3
BRF:54
BRH:54
end_of_record
